<?xml version="1.0" encoding="utf-8" standalone="no"?>
<!--This file represents the results of running a test suite-->
<test-results name="C:\dev\tracks-stackd\tracksStackd.Tests\bin\Debug\tracksStackd.Tests.dll" total="1" errors="1" failures="0" not-run="0" inconclusive="0" ignored="0" skipped="0" invalid="0" date="2013-03-25" time="14:54:28">
  <environment nunit-version="2.6.2.12296" clr-version="2.0.50727.5466" os-version="Microsoft Windows NT 6.1.7601 Service Pack 1" platform="Win32NT" cwd="C:\dev\tracks-stackd" machine-name="FEZZRIG" user="my" user-domain="FEZZRIG" />
  <culture-info current-culture="en-US" current-uiculture="en-US" />
  <test-suite type="Assembly" name="C:\dev\tracks-stackd\tracksStackd.Tests\bin\Debug\tracksStackd.Tests.dll" executed="True" result="Failure" success="False" time="0.099" asserts="0">
    <results>
      <test-suite type="Namespace" name="tracksStackd" executed="True" result="Failure" success="False" time="0.079" asserts="0">
        <results>
          <test-suite type="Namespace" name="Tests" executed="True" result="Failure" success="False" time="0.078" asserts="0">
            <results>
              <test-suite type="TestFixture" name="With_Resorts" executed="True" result="Failure" success="False" time="0.076" asserts="0">
                <results>
                  <test-case name="tracksStackd.Tests.With_Resorts.Should_Add_Resort" executed="True" result="Error" success="False" time="0.061" asserts="0">
                    <failure>
                      <message><![CDATA[System.IO.FileLoadException : Could not load file or assembly 'nunit.framework, Version=2.5.9.10348, Culture=neutral, PublicKeyToken=96d09a1eb7f44a77' or one of its dependencies. The located assembly's manifest definition does not match the assembly reference. (Exception from HRESULT: 0x80131040)]]></message>
                      <stack-trace><![CDATA[at tracksStackd.Tests.With_Resorts.Should_Add_Resort()
]]></stack-trace>
                    </failure>
                  </test-case>
                </results>
              </test-suite>
            </results>
          </test-suite>
        </results>
      </test-suite>
    </results>
  </test-suite>
</test-results>